{"/Users/chukky-mac/Documents/tdd_exercise/add_two_num/add.js": {"path":"/Users/chukky-mac/Documents/tdd_exercise/add_two_num/add.js","statementMap":{"0":{"start":{"line":1,"column":10},"end":{"line":9,"column":1}},"1":{"start":{"line":2,"column":12},"end":{"line":2,"column":19}},"2":{"start":{"line":4,"column":2},"end":{"line":6,"column":3}},"3":{"start":{"line":5,"column":4},"end":{"line":5,"column":22}},"4":{"start":{"line":8,"column":2},"end":{"line":8,"column":25}},"5":{"start":{"line":11,"column":0},"end":{"line":11,"column":21}}},"fnMap":{"0":{"name":"(anonymous_0)","decl":{"start":{"line":1,"column":10},"end":{"line":1,"column":11}},"loc":{"start":{"line":1,"column":25},"end":{"line":9,"column":1}},"line":1}},"branchMap":{"0":{"loc":{"start":{"line":4,"column":2},"end":{"line":6,"column":3}},"type":"if","locations":[{"start":{"line":4,"column":2},"end":{"line":6,"column":3}},{"start":{"line":4,"column":2},"end":{"line":6,"column":3}}],"line":4}},"s":{"0":1,"1":8,"2":8,"3":1,"4":7,"5":1},"f":{"0":8},"b":{"0":[1,7]},"_coverageSchema":"43e27e138ebf9cfc5966b082cf9a028302ed4184","hash":"c8a82de8376942c73563c1f942881fd45f26d2f0"}
}
